Logger started at: Wednesday, July 16, 2014 11:58:50 AM CDT
Component: com.appcelerator.titanium.ios.core
Version: 1.0.0.1397694901
[58:50.489] Sent: >21*1405529930486*version<
[58:50.490] Recv: >1405529930486*2*3.2.3.GA<
[58:50.493] Sent: >20*1405529930487*update<
[58:50.493] Recv: >1405529930487*3.2.3.GA<
[58:50.494] Sent: >45*1405529930488*option*stepFiltersEnabled*false<
[58:50.496] Recv: >1405529930488<
[58:50.496] Sent: >36*1405529930489*option*monitorXHR*true<
[58:50.497] Recv: >1405529930489<
[58:50.497] Sent: >45*1405529930490*option*suspendOnFirstLine*false<
[58:50.497] Recv: >1405529930490<
[58:50.497] Sent: >46*1405529930491*option*suspendOnExceptions*false<
[58:50.498] Recv: >1405529930491<
[58:50.498] Sent: >41*1405529930492*option*suspendOnErrors*true<
[58:50.498] Recv: >1405529930492<
[58:50.498] Sent: >43*1405529930493*option*suspendOnKeywords*true<
[58:50.499] Recv: >1405529930493<
[58:50.499] Sent: >45*1405529930494*option*bypassConstructors*false<
[58:50.499] Recv: >1405529930494<
[58:50.499] Sent: >45*1405529930495*option*stepFiltersEnabled*false<
[58:50.500] Recv: >1405529930495<
[58:50.500] Sent: >30*1405529930496*detailFormatters<
[58:50.501] Recv: >1405529930496<
[58:50.502] Sent: >20*1405529930497*enable<
[58:50.502] Recv: >1405529930497<
[58:50.504] Recv: >threads*created*0*kroll$1<
[58:50.507] Recv: >log*out*[DEBUG] Analytics is enabled = YES<
[58:50.507] Recv: >log*out*[DEBUG] Loading: /Users/iDorosh/Library/Application Support/iPhone Simulator/7.1/Applications/CCAB9D3A-ED5C-4E69-8B7E-8BFE2C4177C1/Dorosh_Ian_Project2.app/app.js, Resource: app_js<
[58:50.507] Recv: >scripts*created*349264544|app:/app.js||1|46<
[58:50.508] Recv: >resumed*0*started<
[58:50.510] Recv: >log*out*[DEBUG] Loading: /Users/iDorosh/Library/Application Support/iPhone Simulator/7.1/Applications/CCAB9D3A-ED5C-4E69-8B7E-8BFE2C4177C1/Dorosh_Ian_Project2.app/_app_props_.json, Resource: _app_props__json<
[58:50.511] Recv: >log*out*[DEBUG] Loading: /Users/iDorosh/Library/Application Support/iPhone Simulator/7.1/Applications/CCAB9D3A-ED5C-4E69-8B7E-8BFE2C4177C1/Dorosh_Ian_Project2.app/cars.js, Resource: cars_js<
[58:50.512] Recv: >scripts*created*349264096|app:/cars.js||1|174<
[58:50.654] Recv: >log*out*[DEBUG] Application booted in 227.410018 ms<
----------End of file----------
